{"/Users/mateoiori/Desktop/hapi-backend/knexfile.js": {"path":"/Users/mateoiori/Desktop/hapi-backend/knexfile.js","statementMap":{"0":{"start":{"line":2,"column":0},"end":{"line":2,"column":16}}},"fnMap":{},"branchMap":{},"s":{"0":3},"f":{},"b":{},"inputSourceMap":null,"_coverageSchema":"1a1c01bbd47fc00a2c39e90264f33305004495a9","hash":"e32dbd28e69bca7ddbac8c5af33cfbb4b591f894"}
,"/Users/mateoiori/Desktop/hapi-backend/routes/login.js": {"path":"/Users/mateoiori/Desktop/hapi-backend/routes/login.js","statementMap":{"0":{"start":{"line":7,"column":20},"end":{"line":55,"column":1}},"1":{"start":{"line":12,"column":12},"end":{"line":22,"column":23}},"2":{"start":{"line":33,"column":43},"end":{"line":33,"column":58}},"3":{"start":{"line":34,"column":25},"end":{"line":34,"column":95}},"4":{"start":{"line":36,"column":12},"end":{"line":38,"column":13}},"5":{"start":{"line":37,"column":16},"end":{"line":37,"column":85}},"6":{"start":{"line":40,"column":26},"end":{"line":45,"column":65}},"7":{"start":{"line":47,"column":35},"end":{"line":47,"column":49}},"8":{"start":{"line":49,"column":12},"end":{"line":49,"column":57}}},"fnMap":{"0":{"name":"(anonymous_0)","decl":{"start":{"line":11,"column":17},"end":{"line":11,"column":18}},"loc":{"start":{"line":11,"column":33},"end":{"line":23,"column":9}},"line":11},"1":{"name":"(anonymous_1)","decl":{"start":{"line":31,"column":17},"end":{"line":31,"column":18}},"loc":{"start":{"line":31,"column":39},"end":{"line":50,"column":9}},"line":31}},"branchMap":{"0":{"loc":{"start":{"line":36,"column":12},"end":{"line":38,"column":13}},"type":"if","locations":[{"start":{"line":36,"column":12},"end":{"line":38,"column":13}},{"start":{},"end":{}}],"line":36},"1":{"loc":{"start":{"line":36,"column":16},"end":{"line":36,"column":73}},"type":"binary-expr","locations":[{"start":{"line":36,"column":16},"end":{"line":36,"column":21}},{"start":{"line":36,"column":25},"end":{"line":36,"column":73}}],"line":36}},"s":{"0":1,"1":0,"2":2,"3":2,"4":2,"5":1,"6":1,"7":1,"8":1},"f":{"0":0,"1":2},"b":{"0":[1,1],"1":[2,1]},"inputSourceMap":null,"_coverageSchema":"1a1c01bbd47fc00a2c39e90264f33305004495a9","hash":"158378207f3daaf37549fde29980b867f738dcfe"}
,"/Users/mateoiori/Desktop/hapi-backend/routes/messages.js": {"path":"/Users/mateoiori/Desktop/hapi-backend/routes/messages.js","statementMap":{"0":{"start":{"line":4,"column":23},"end":{"line":135,"column":1}},"1":{"start":{"line":11,"column":16},"end":{"line":17,"column":17}},"2":{"start":{"line":12,"column":37},"end":{"line":12,"column":74}},"3":{"start":{"line":13,"column":20},"end":{"line":13,"column":36}},"4":{"start":{"line":15,"column":20},"end":{"line":15,"column":39}},"5":{"start":{"line":16,"column":20},"end":{"line":16,"column":75}},"6":{"start":{"line":25,"column":27},"end":{"line":25,"column":41}},"7":{"start":{"line":26,"column":12},"end":{"line":35,"column":13}},"8":{"start":{"line":27,"column":32},"end":{"line":27,"column":85}},"9":{"start":{"line":28,"column":16},"end":{"line":30,"column":17}},"10":{"start":{"line":29,"column":20},"end":{"line":29,"column":69}},"11":{"start":{"line":31,"column":16},"end":{"line":31,"column":34}},"12":{"start":{"line":33,"column":16},"end":{"line":33,"column":35}},"13":{"start":{"line":34,"column":16},"end":{"line":34,"column":70}},"14":{"start":{"line":50,"column":43},"end":{"line":50,"column":58}},"15":{"start":{"line":51,"column":12},"end":{"line":57,"column":13}},"16":{"start":{"line":52,"column":37},"end":{"line":52,"column":103}},"17":{"start":{"line":53,"column":16},"end":{"line":53,"column":56}},"18":{"start":{"line":55,"column":16},"end":{"line":55,"column":35}},"19":{"start":{"line":56,"column":16},"end":{"line":56,"column":70}},"20":{"start":{"line":73,"column":27},"end":{"line":73,"column":41}},"21":{"start":{"line":74,"column":32},"end":{"line":74,"column":47}},"22":{"start":{"line":76,"column":12},"end":{"line":90,"column":13}},"23":{"start":{"line":77,"column":41},"end":{"line":80,"column":35}},"24":{"start":{"line":82,"column":16},"end":{"line":84,"column":17}},"25":{"start":{"line":83,"column":20},"end":{"line":83,"column":69}},"26":{"start":{"line":86,"column":16},"end":{"line":86,"column":60}},"27":{"start":{"line":88,"column":16},"end":{"line":88,"column":35}},"28":{"start":{"line":89,"column":16},"end":{"line":89,"column":70}},"29":{"start":{"line":108,"column":27},"end":{"line":108,"column":41}},"30":{"start":{"line":110,"column":12},"end":{"line":123,"column":13}},"31":{"start":{"line":111,"column":32},"end":{"line":113,"column":26}},"32":{"start":{"line":115,"column":16},"end":{"line":117,"column":17}},"33":{"start":{"line":116,"column":20},"end":{"line":116,"column":69}},"34":{"start":{"line":119,"column":16},"end":{"line":119,"column":76}},"35":{"start":{"line":121,"column":16},"end":{"line":121,"column":35}},"36":{"start":{"line":122,"column":16},"end":{"line":122,"column":70}}},"fnMap":{"0":{"name":"(anonymous_0)","decl":{"start":{"line":10,"column":21},"end":{"line":10,"column":22}},"loc":{"start":{"line":10,"column":43},"end":{"line":18,"column":13}},"line":10},"1":{"name":"(anonymous_1)","decl":{"start":{"line":24,"column":17},"end":{"line":24,"column":18}},"loc":{"start":{"line":24,"column":39},"end":{"line":36,"column":9}},"line":24},"2":{"name":"(anonymous_2)","decl":{"start":{"line":49,"column":17},"end":{"line":49,"column":18}},"loc":{"start":{"line":49,"column":39},"end":{"line":58,"column":9}},"line":49},"3":{"name":"(anonymous_3)","decl":{"start":{"line":72,"column":17},"end":{"line":72,"column":18}},"loc":{"start":{"line":72,"column":39},"end":{"line":91,"column":9}},"line":72},"4":{"name":"(anonymous_4)","decl":{"start":{"line":107,"column":17},"end":{"line":107,"column":18}},"loc":{"start":{"line":107,"column":39},"end":{"line":124,"column":9}},"line":107}},"branchMap":{"0":{"loc":{"start":{"line":9,"column":18},"end":{"line":9,"column":69}},"type":"cond-expr","locations":[{"start":{"line":9,"column":52},"end":{"line":9,"column":57}},{"start":{"line":9,"column":60},"end":{"line":9,"column":69}}],"line":9},"1":{"loc":{"start":{"line":28,"column":16},"end":{"line":30,"column":17}},"type":"if","locations":[{"start":{"line":28,"column":16},"end":{"line":30,"column":17}},{"start":{},"end":{}}],"line":28},"2":{"loc":{"start":{"line":60,"column":18},"end":{"line":60,"column":69}},"type":"cond-expr","locations":[{"start":{"line":60,"column":52},"end":{"line":60,"column":57}},{"start":{"line":60,"column":60},"end":{"line":60,"column":69}}],"line":60},"3":{"loc":{"start":{"line":82,"column":16},"end":{"line":84,"column":17}},"type":"if","locations":[{"start":{"line":82,"column":16},"end":{"line":84,"column":17}},{"start":{},"end":{}}],"line":82},"4":{"loc":{"start":{"line":93,"column":18},"end":{"line":93,"column":69}},"type":"cond-expr","locations":[{"start":{"line":93,"column":52},"end":{"line":93,"column":57}},{"start":{"line":93,"column":60},"end":{"line":93,"column":69}}],"line":93},"5":{"loc":{"start":{"line":115,"column":16},"end":{"line":117,"column":17}},"type":"if","locations":[{"start":{"line":115,"column":16},"end":{"line":117,"column":17}},{"start":{},"end":{}}],"line":115},"6":{"loc":{"start":{"line":126,"column":18},"end":{"line":126,"column":69}},"type":"cond-expr","locations":[{"start":{"line":126,"column":52},"end":{"line":126,"column":57}},{"start":{"line":126,"column":60},"end":{"line":126,"column":69}}],"line":126}},"s":{"0":1,"1":1,"2":1,"3":1,"4":0,"5":0,"6":2,"7":2,"8":2,"9":2,"10":1,"11":1,"12":0,"13":0,"14":1,"15":1,"16":1,"17":1,"18":0,"19":0,"20":1,"21":1,"22":1,"23":1,"24":1,"25":0,"26":1,"27":0,"28":0,"29":1,"30":1,"31":1,"32":1,"33":0,"34":1,"35":0,"36":0},"f":{"0":1,"1":2,"2":1,"3":1,"4":1},"b":{"0":[1,0],"1":[1,1],"2":[1,0],"3":[0,1],"4":[1,0],"5":[0,1],"6":[1,0]},"inputSourceMap":null,"_coverageSchema":"1a1c01bbd47fc00a2c39e90264f33305004495a9","hash":"5977d39133f5dc5080feaef707e734b8fe269a72"}
,"/Users/mateoiori/Desktop/hapi-backend/routes/users.js": {"path":"/Users/mateoiori/Desktop/hapi-backend/routes/users.js","statementMap":{"0":{"start":{"line":5,"column":20},"end":{"line":85,"column":1}},"1":{"start":{"line":10,"column":50},"end":{"line":10,"column":65}},"2":{"start":{"line":11,"column":12},"end":{"line":30,"column":13}},"3":{"start":{"line":12,"column":37},"end":{"line":12,"column":131}},"4":{"start":{"line":13,"column":16},"end":{"line":17,"column":17}},"5":{"start":{"line":14,"column":20},"end":{"line":16,"column":33}},"6":{"start":{"line":19,"column":39},"end":{"line":19,"column":70}},"7":{"start":{"line":20,"column":34},"end":{"line":24,"column":33}},"8":{"start":{"line":26,"column":16},"end":{"line":26,"column":53}},"9":{"start":{"line":28,"column":16},"end":{"line":28,"column":35}},"10":{"start":{"line":29,"column":16},"end":{"line":29,"column":67}},"11":{"start":{"line":48,"column":27},"end":{"line":48,"column":41}},"12":{"start":{"line":49,"column":12},"end":{"line":58,"column":13}},"13":{"start":{"line":50,"column":29},"end":{"line":50,"column":115}},"14":{"start":{"line":51,"column":16},"end":{"line":53,"column":17}},"15":{"start":{"line":52,"column":20},"end":{"line":52,"column":66}},"16":{"start":{"line":54,"column":16},"end":{"line":54,"column":31}},"17":{"start":{"line":56,"column":16},"end":{"line":56,"column":35}},"18":{"start":{"line":57,"column":16},"end":{"line":57,"column":67}},"19":{"start":{"line":73,"column":12},"end":{"line":79,"column":13}},"20":{"start":{"line":74,"column":30},"end":{"line":74,"column":100}},"21":{"start":{"line":75,"column":16},"end":{"line":75,"column":51}},"22":{"start":{"line":77,"column":16},"end":{"line":77,"column":35}},"23":{"start":{"line":78,"column":16},"end":{"line":78,"column":68}}},"fnMap":{"0":{"name":"(anonymous_0)","decl":{"start":{"line":9,"column":17},"end":{"line":9,"column":18}},"loc":{"start":{"line":9,"column":39},"end":{"line":31,"column":9}},"line":9},"1":{"name":"(anonymous_1)","decl":{"start":{"line":47,"column":17},"end":{"line":47,"column":18}},"loc":{"start":{"line":47,"column":39},"end":{"line":59,"column":9}},"line":47},"2":{"name":"(anonymous_2)","decl":{"start":{"line":72,"column":17},"end":{"line":72,"column":18}},"loc":{"start":{"line":72,"column":40},"end":{"line":80,"column":9}},"line":72}},"branchMap":{"0":{"loc":{"start":{"line":13,"column":16},"end":{"line":17,"column":17}},"type":"if","locations":[{"start":{"line":13,"column":16},"end":{"line":17,"column":17}},{"start":{},"end":{}}],"line":13},"1":{"loc":{"start":{"line":51,"column":16},"end":{"line":53,"column":17}},"type":"if","locations":[{"start":{"line":51,"column":16},"end":{"line":53,"column":17}},{"start":{},"end":{}}],"line":51},"2":{"loc":{"start":{"line":61,"column":18},"end":{"line":61,"column":76}},"type":"cond-expr","locations":[{"start":{"line":61,"column":52},"end":{"line":61,"column":57}},{"start":{"line":61,"column":60},"end":{"line":61,"column":76}}],"line":61},"3":{"loc":{"start":{"line":82,"column":18},"end":{"line":82,"column":69}},"type":"cond-expr","locations":[{"start":{"line":82,"column":52},"end":{"line":82,"column":57}},{"start":{"line":82,"column":60},"end":{"line":82,"column":69}}],"line":82}},"s":{"0":1,"1":1,"2":1,"3":1,"4":1,"5":0,"6":1,"7":1,"8":1,"9":0,"10":0,"11":1,"12":1,"13":1,"14":1,"15":0,"16":1,"17":0,"18":0,"19":1,"20":1,"21":1,"22":0,"23":0},"f":{"0":1,"1":1,"2":1},"b":{"0":[0,1],"1":[0,1],"2":[1,0],"3":[1,0]},"inputSourceMap":null,"_coverageSchema":"1a1c01bbd47fc00a2c39e90264f33305004495a9","hash":"9aed2487e30d485669fd3dc5704da33b676c4405"}
,"/Users/mateoiori/Desktop/hapi-backend/services/db.js": {"path":"/Users/mateoiori/Desktop/hapi-backend/services/db.js","statementMap":{"0":{"start":{"line":6,"column":0},"end":{"line":6,"column":42}}},"fnMap":{},"branchMap":{},"s":{"0":3},"f":{},"b":{},"inputSourceMap":null,"_coverageSchema":"1a1c01bbd47fc00a2c39e90264f33305004495a9","hash":"8b06405e760cabfd362620e08b862b89b6a3cacf"}
,"/Users/mateoiori/Desktop/hapi-backend/tools/crypt.js": {"path":"/Users/mateoiori/Desktop/hapi-backend/tools/crypt.js","statementMap":{"0":{"start":{"line":4,"column":18},"end":{"line":4,"column":31}},"1":{"start":{"line":5,"column":18},"end":{"line":5,"column":43}},"2":{"start":{"line":6,"column":17},"end":{"line":6,"column":31}},"3":{"start":{"line":8,"column":12},"end":{"line":8,"column":96}},"4":{"start":{"line":9,"column":11},"end":{"line":9,"column":94}},"5":{"start":{"line":12,"column":19},"end":{"line":12,"column":60}},"6":{"start":{"line":13,"column":18},"end":{"line":13,"column":52}},"7":{"start":{"line":14,"column":4},"end":{"line":14,"column":35}},"8":{"start":{"line":15,"column":4},"end":{"line":15,"column":19}},"9":{"start":{"line":19,"column":21},"end":{"line":19,"column":64}},"10":{"start":{"line":20,"column":14},"end":{"line":20,"column":50}},"11":{"start":{"line":21,"column":4},"end":{"line":21,"column":34}},"12":{"start":{"line":22,"column":4},"end":{"line":22,"column":15}}},"fnMap":{"0":{"name":"encrypt","decl":{"start":{"line":11,"column":16},"end":{"line":11,"column":23}},"loc":{"start":{"line":11,"column":30},"end":{"line":16,"column":1}},"line":11},"1":{"name":"decrypt","decl":{"start":{"line":18,"column":16},"end":{"line":18,"column":23}},"loc":{"start":{"line":18,"column":30},"end":{"line":23,"column":1}},"line":18}},"branchMap":{},"s":{"0":2,"1":2,"2":2,"3":2,"4":2,"5":2,"6":2,"7":2,"8":2,"9":1,"10":1,"11":1,"12":1},"f":{"0":2,"1":1},"b":{},"inputSourceMap":null,"_coverageSchema":"1a1c01bbd47fc00a2c39e90264f33305004495a9","hash":"7890339ca2bc80d6ead948babfc80a649a08169f"}
}
