TN:
SF:knexfile.js
FNF:0
FNH:0
DA:2,3
LF:1
LH:1
BRF:0
BRH:0
end_of_record
TN:
SF:routes/login.js
FN:11,(anonymous_0)
FN:31,(anonymous_1)
FNF:2
FNH:1
FNDA:0,(anonymous_0)
FNDA:2,(anonymous_1)
DA:7,1
DA:12,0
DA:33,2
DA:34,2
DA:36,2
DA:37,1
DA:40,1
DA:47,1
DA:49,1
LF:9
LH:8
BRDA:36,0,0,1
BRDA:36,0,1,1
BRDA:36,1,0,2
BRDA:36,1,1,1
BRF:4
BRH:4
end_of_record
TN:
SF:routes/messages.js
FN:10,(anonymous_0)
FN:24,(anonymous_1)
FN:49,(anonymous_2)
FN:72,(anonymous_3)
FN:107,(anonymous_4)
FNF:5
FNH:5
FNDA:1,(anonymous_0)
FNDA:2,(anonymous_1)
FNDA:1,(anonymous_2)
FNDA:1,(anonymous_3)
FNDA:1,(anonymous_4)
DA:4,1
DA:11,1
DA:12,1
DA:13,1
DA:15,0
DA:16,0
DA:25,2
DA:26,2
DA:27,2
DA:28,2
DA:29,1
DA:31,1
DA:33,0
DA:34,0
DA:50,1
DA:51,1
DA:52,1
DA:53,1
DA:55,0
DA:56,0
DA:73,1
DA:74,1
DA:76,1
DA:77,1
DA:82,1
DA:83,0
DA:86,1
DA:88,0
DA:89,0
DA:108,1
DA:110,1
DA:111,1
DA:115,1
DA:116,0
DA:119,1
DA:121,0
DA:122,0
LF:37
LH:25
BRDA:9,0,0,1
BRDA:9,0,1,0
BRDA:28,1,0,1
BRDA:28,1,1,1
BRDA:60,2,0,1
BRDA:60,2,1,0
BRDA:82,3,0,0
BRDA:82,3,1,1
BRDA:93,4,0,1
BRDA:93,4,1,0
BRDA:115,5,0,0
BRDA:115,5,1,1
BRDA:126,6,0,1
BRDA:126,6,1,0
BRF:14
BRH:8
end_of_record
TN:
SF:routes/users.js
FN:9,(anonymous_0)
FN:47,(anonymous_1)
FN:72,(anonymous_2)
FNF:3
FNH:3
FNDA:1,(anonymous_0)
FNDA:1,(anonymous_1)
FNDA:1,(anonymous_2)
DA:5,1
DA:10,1
DA:11,1
DA:12,1
DA:13,1
DA:14,0
DA:19,1
DA:20,1
DA:26,1
DA:28,0
DA:29,0
DA:48,1
DA:49,1
DA:50,1
DA:51,1
DA:52,0
DA:54,1
DA:56,0
DA:57,0
DA:73,1
DA:74,1
DA:75,1
DA:77,0
DA:78,0
LF:24
LH:16
BRDA:13,0,0,0
BRDA:13,0,1,1
BRDA:51,1,0,0
BRDA:51,1,1,1
BRDA:61,2,0,1
BRDA:61,2,1,0
BRDA:82,3,0,1
BRDA:82,3,1,0
BRF:8
BRH:4
end_of_record
TN:
SF:services/db.js
FNF:0
FNH:0
DA:6,3
LF:1
LH:1
BRF:0
BRH:0
end_of_record
TN:
SF:tools/crypt.js
FN:11,encrypt
FN:18,decrypt
FNF:2
FNH:2
FNDA:2,encrypt
FNDA:1,decrypt
DA:4,2
DA:5,2
DA:6,2
DA:8,2
DA:9,2
DA:12,2
DA:13,2
DA:14,2
DA:15,2
DA:19,1
DA:20,1
DA:21,1
DA:22,1
LF:13
LH:13
BRF:0
BRH:0
end_of_record
